<?xml version="1.0" encoding="UTF-8"?>
<!-- Generated by org.testng.reporters.JUnitReportReporter -->
<testsuite hostname="LakshmananSelva" failures="0" tests="1" name="com.sample.Project" time="0.026" errors="0" timestamp="2025-07-07T14:36:03 IST" skipped="0">
  <testcase classname="com.sample.Project" name="sampleTest" time="0.026"/>
</testsuite> <!-- com.sample.Project -->
